自动创建执行/data/code/Ops/upfile/154279635213101.sh脚本成功.
-----网络检查----
172.29.206.104 | SUCCESS => {
    "changed": false,
    "ping": "pong"
}
检查远端是否存在功能组脚本.
-----目标主机文件检查----
172.29.206.104 | SUCCESS | rc=0 >>
1536112765.3380327.txt
1536113512.618855.txt
1536113513.0058343.txt
1536113628.0727394.txt
1536114054.4126832.txt
1536114056.3807387.txt
1536114619.7612538.txt
1536114621.676343.txt
1536115737.040176.txt
1536115738.9938228.txt
1536116420.8190653.txt
1536116443.3536.txt
1536116445.294115.txt
15427943830574422.sh
15427949848876796.sh
15427961674372373.sh
clear_docker_history_log.sh
restart_all_container.sh
uatapp21536118344.4165215.txt
uatapp21536118346.3692503.txt
uatapp21536119077.2029524.txt
uatapp21536119079.10406.txt
uatapp21536120061.3807068.txt
uatapp21536120063.2758086.txt
uatapp21536128354.6160955.txt
uatapp21536128356.4742742.txt
uatapp21536129463.0328696.txt
uatapp21536139545.963246.txt
uatapp21536139546.3525105.txt
uatapp21536140430.8062901.txt
uatapp21536140652.0816255.txt
uatapp21536142911.5462239.txt
uatapp21536216073.8557534.txt
uatapp21536216075.7339714.txt
uatapp21536216462.5434906.txt
uatapp21536216464.5266175.txt
uatapp21536219737.5694542.txt
uatapp21536220914.6414452.txt
uatapp21536222327.4902463.txt
uatapp21536226815.7662723.txt
uatapp21536299086.4814093.txt
uatapp21536301261.3446395.txt
uatapp21536301473.347784.txt
uatapp21536301764.1333888.txt
uatapp21536301972.8032663.txt
uatapp21536302311.3941524.txt
uatapp21536302688.6345127.txt
uatapp21536302834.4626327.txt
uatapp21536303011.045067.txt
uatapp21536303702.4868984.txt
uatapp21536309334.4250069.txt
uatapp21536309947.012158.txt
restart_all_container.sh154279635213101.sh-----拷贝1文件到远端服务器----
-----拷贝['restart_all_container.sh', '154279635213101.sh']文件到远端服务器----
-----拷贝命令为：	ansible uat-pay-1 -m copy -a "src=/data/code/Ops/upfile/154279635213101.sh dest=/home/ec2-user/upfile/opsserver/exce-tags backup=yes 
"----执行功能组脚本123.
/home/ec2-user/upfile/opsserver/exce-tags154279635213101.sh-----开始执行功能组脚本----
ansible uat-pay-1 -m raw -a "sh /home/ec2-user/upfile/opsserver/exce-tags/154279635213101.sh"-----执行完功能组脚本----
